ARM GAS  /var/folders/cl/r97w26fn2f10y5b55m18gt9w0000gn/T//cctin9jr.s 			page 1


   1              		.cpu cortex-m7
   2              		.arch armv7e-m
   3              		.fpu fpv5-d16
   4              		.eabi_attribute 28, 1
   5              		.eabi_attribute 20, 1
   6              		.eabi_attribute 21, 1
   7              		.eabi_attribute 23, 3
   8              		.eabi_attribute 24, 1
   9              		.eabi_attribute 25, 1
  10              		.eabi_attribute 26, 1
  11              		.eabi_attribute 30, 4
  12              		.eabi_attribute 34, 1
  13              		.eabi_attribute 18, 4
  14              		.file	"diskio.c"
  15              		.text
  16              	.Ltext0:
  17              		.cfi_sections	.debug_frame
  18              		.section	.text.disk_status,"ax",%progbits
  19              		.align	1
  20              		.global	disk_status
  21              		.syntax unified
  22              		.thumb
  23              		.thumb_func
  25              	disk_status:
  26              	.LVL0:
  27              	.LFB320:
  28              		.file 1 "../../libDaisy/Middlewares/Third_Party/FatFs/src/diskio.c"
   1:../../libDaisy/Middlewares/Third_Party/FatFs/src/diskio.c **** /*-----------------------------------------------------------------------*/
   2:../../libDaisy/Middlewares/Third_Party/FatFs/src/diskio.c **** /* Low level disk I/O module skeleton for FatFs     (C)ChaN, 2017        */
   3:../../libDaisy/Middlewares/Third_Party/FatFs/src/diskio.c **** /*                                                                       */
   4:../../libDaisy/Middlewares/Third_Party/FatFs/src/diskio.c **** /*   Portions COPYRIGHT 2017 STMicroelectronics                          */
   5:../../libDaisy/Middlewares/Third_Party/FatFs/src/diskio.c **** /*   Portions Copyright (C) 2017, ChaN, all right reserved               */
   6:../../libDaisy/Middlewares/Third_Party/FatFs/src/diskio.c **** /*-----------------------------------------------------------------------*/
   7:../../libDaisy/Middlewares/Third_Party/FatFs/src/diskio.c **** /* If a working storage control module is available, it should be        */
   8:../../libDaisy/Middlewares/Third_Party/FatFs/src/diskio.c **** /* attached to the FatFs via a glue function rather than modifying it.   */
   9:../../libDaisy/Middlewares/Third_Party/FatFs/src/diskio.c **** /* This is an example of glue functions to attach various existing      */
  10:../../libDaisy/Middlewares/Third_Party/FatFs/src/diskio.c **** /* storage control modules to the FatFs module with a defined API.       */
  11:../../libDaisy/Middlewares/Third_Party/FatFs/src/diskio.c **** /*-----------------------------------------------------------------------*/
  12:../../libDaisy/Middlewares/Third_Party/FatFs/src/diskio.c **** 
  13:../../libDaisy/Middlewares/Third_Party/FatFs/src/diskio.c **** /* Includes ------------------------------------------------------------------*/
  14:../../libDaisy/Middlewares/Third_Party/FatFs/src/diskio.c **** #include "diskio.h"
  15:../../libDaisy/Middlewares/Third_Party/FatFs/src/diskio.c **** #include "ff_gen_drv.h"
  16:../../libDaisy/Middlewares/Third_Party/FatFs/src/diskio.c **** 
  17:../../libDaisy/Middlewares/Third_Party/FatFs/src/diskio.c **** #if defined ( __GNUC__ )
  18:../../libDaisy/Middlewares/Third_Party/FatFs/src/diskio.c **** #ifndef __weak
  19:../../libDaisy/Middlewares/Third_Party/FatFs/src/diskio.c **** #define __weak __attribute__((weak))
  20:../../libDaisy/Middlewares/Third_Party/FatFs/src/diskio.c **** #endif
  21:../../libDaisy/Middlewares/Third_Party/FatFs/src/diskio.c **** #endif
  22:../../libDaisy/Middlewares/Third_Party/FatFs/src/diskio.c **** 
  23:../../libDaisy/Middlewares/Third_Party/FatFs/src/diskio.c **** /* Private typedef -----------------------------------------------------------*/
  24:../../libDaisy/Middlewares/Third_Party/FatFs/src/diskio.c **** /* Private define ------------------------------------------------------------*/
  25:../../libDaisy/Middlewares/Third_Party/FatFs/src/diskio.c **** /* Private variables ---------------------------------------------------------*/
  26:../../libDaisy/Middlewares/Third_Party/FatFs/src/diskio.c **** extern Disk_drvTypeDef  disk;
  27:../../libDaisy/Middlewares/Third_Party/FatFs/src/diskio.c **** 
  28:../../libDaisy/Middlewares/Third_Party/FatFs/src/diskio.c **** /* Private function prototypes -----------------------------------------------*/
  29:../../libDaisy/Middlewares/Third_Party/FatFs/src/diskio.c **** /* Private functions ---------------------------------------------------------*/
  30:../../libDaisy/Middlewares/Third_Party/FatFs/src/diskio.c **** 
ARM GAS  /var/folders/cl/r97w26fn2f10y5b55m18gt9w0000gn/T//cctin9jr.s 			page 2


  31:../../libDaisy/Middlewares/Third_Party/FatFs/src/diskio.c **** /**
  32:../../libDaisy/Middlewares/Third_Party/FatFs/src/diskio.c ****   * @brief  Gets Disk Status
  33:../../libDaisy/Middlewares/Third_Party/FatFs/src/diskio.c ****   * @param  pdrv: Physical drive number (0..)
  34:../../libDaisy/Middlewares/Third_Party/FatFs/src/diskio.c ****   * @retval DSTATUS: Operation status
  35:../../libDaisy/Middlewares/Third_Party/FatFs/src/diskio.c ****   */
  36:../../libDaisy/Middlewares/Third_Party/FatFs/src/diskio.c **** DSTATUS disk_status (
  37:../../libDaisy/Middlewares/Third_Party/FatFs/src/diskio.c **** 	BYTE pdrv		/* Physical drive number to identify the drive */
  38:../../libDaisy/Middlewares/Third_Party/FatFs/src/diskio.c **** )
  39:../../libDaisy/Middlewares/Third_Party/FatFs/src/diskio.c **** {
  29              		.loc 1 39 1 view -0
  30              		.cfi_startproc
  31              		@ args = 0, pretend = 0, frame = 0
  32              		@ frame_needed = 0, uses_anonymous_args = 0
  33              		@ link register save eliminated.
  40:../../libDaisy/Middlewares/Third_Party/FatFs/src/diskio.c ****   DSTATUS stat;
  34              		.loc 1 40 3 view .LVU1
  41:../../libDaisy/Middlewares/Third_Party/FatFs/src/diskio.c **** 
  42:../../libDaisy/Middlewares/Third_Party/FatFs/src/diskio.c ****   stat = disk.drv[pdrv]->disk_status(disk.lun[pdrv]);
  35              		.loc 1 42 3 view .LVU2
  36              		.loc 1 42 10 is_stmt 0 view .LVU3
  37 0000 034B     		ldr	r3, .L2
  38 0002 1A18     		adds	r2, r3, r0
  39              		.loc 1 42 18 view .LVU4
  40 0004 03EB8003 		add	r3, r3, r0, lsl #2
  41              		.loc 1 42 24 view .LVU5
  42 0008 5B68     		ldr	r3, [r3, #4]
  43              		.loc 1 42 10 view .LVU6
  44 000a 107B     		ldrb	r0, [r2, #12]	@ zero_extendqisi2
  45              	.LVL1:
  46              		.loc 1 42 10 view .LVU7
  47 000c 5B68     		ldr	r3, [r3, #4]
  48 000e 1847     		bx	r3
  49              	.LVL2:
  50              	.L3:
  51              		.align	2
  52              	.L2:
  53 0010 00000000 		.word	disk
  54              		.cfi_endproc
  55              	.LFE320:
  57              		.section	.text.disk_initialize,"ax",%progbits
  58              		.align	1
  59              		.global	disk_initialize
  60              		.syntax unified
  61              		.thumb
  62              		.thumb_func
  64              	disk_initialize:
  65              	.LVL3:
  66              	.LFB321:
  43:../../libDaisy/Middlewares/Third_Party/FatFs/src/diskio.c ****   return stat;
  44:../../libDaisy/Middlewares/Third_Party/FatFs/src/diskio.c **** }
  45:../../libDaisy/Middlewares/Third_Party/FatFs/src/diskio.c **** 
  46:../../libDaisy/Middlewares/Third_Party/FatFs/src/diskio.c **** /**
  47:../../libDaisy/Middlewares/Third_Party/FatFs/src/diskio.c ****   * @brief  Initializes a Drive
  48:../../libDaisy/Middlewares/Third_Party/FatFs/src/diskio.c ****   * @param  pdrv: Physical drive number (0..)
  49:../../libDaisy/Middlewares/Third_Party/FatFs/src/diskio.c ****   * @retval DSTATUS: Operation status
  50:../../libDaisy/Middlewares/Third_Party/FatFs/src/diskio.c ****   */
  51:../../libDaisy/Middlewares/Third_Party/FatFs/src/diskio.c **** DSTATUS disk_initialize (
ARM GAS  /var/folders/cl/r97w26fn2f10y5b55m18gt9w0000gn/T//cctin9jr.s 			page 3


  52:../../libDaisy/Middlewares/Third_Party/FatFs/src/diskio.c **** 	BYTE pdrv				/* Physical drive nmuber to identify the drive */
  53:../../libDaisy/Middlewares/Third_Party/FatFs/src/diskio.c **** )
  54:../../libDaisy/Middlewares/Third_Party/FatFs/src/diskio.c **** {
  67              		.loc 1 54 1 is_stmt 1 view -0
  68              		.cfi_startproc
  69              		@ args = 0, pretend = 0, frame = 0
  70              		@ frame_needed = 0, uses_anonymous_args = 0
  71              		@ link register save eliminated.
  55:../../libDaisy/Middlewares/Third_Party/FatFs/src/diskio.c ****   DSTATUS stat = RES_OK;
  72              		.loc 1 55 3 view .LVU9
  56:../../libDaisy/Middlewares/Third_Party/FatFs/src/diskio.c **** 
  57:../../libDaisy/Middlewares/Third_Party/FatFs/src/diskio.c ****   if(disk.is_initialized[pdrv] == 0)
  73              		.loc 1 57 3 view .LVU10
  74              		.loc 1 57 25 is_stmt 0 view .LVU11
  75 0000 064B     		ldr	r3, .L6
  76              		.loc 1 57 5 view .LVU12
  77 0002 1A5C     		ldrb	r2, [r3, r0]	@ zero_extendqisi2
  78 0004 42B9     		cbnz	r2, .L5
  58:../../libDaisy/Middlewares/Third_Party/FatFs/src/diskio.c ****   {
  59:../../libDaisy/Middlewares/Third_Party/FatFs/src/diskio.c ****     disk.is_initialized[pdrv] = 1;
  79              		.loc 1 59 5 is_stmt 1 view .LVU13
  80              		.loc 1 59 31 is_stmt 0 view .LVU14
  81 0006 0122     		movs	r2, #1
  82 0008 1A54     		strb	r2, [r3, r0]
  60:../../libDaisy/Middlewares/Third_Party/FatFs/src/diskio.c ****     stat = disk.drv[pdrv]->disk_initialize(disk.lun[pdrv]);
  83              		.loc 1 60 5 is_stmt 1 view .LVU15
  84              		.loc 1 60 12 is_stmt 0 view .LVU16
  85 000a 1A18     		adds	r2, r3, r0
  86              		.loc 1 60 20 view .LVU17
  87 000c 03EB8003 		add	r3, r3, r0, lsl #2
  88              		.loc 1 60 12 view .LVU18
  89 0010 107B     		ldrb	r0, [r2, #12]	@ zero_extendqisi2
  90              	.LVL4:
  91              		.loc 1 60 26 view .LVU19
  92 0012 5B68     		ldr	r3, [r3, #4]
  93              		.loc 1 60 12 view .LVU20
  94 0014 1B68     		ldr	r3, [r3]
  95 0016 1847     		bx	r3
  96              	.LVL5:
  97              	.L5:
  61:../../libDaisy/Middlewares/Third_Party/FatFs/src/diskio.c ****   }
  62:../../libDaisy/Middlewares/Third_Party/FatFs/src/diskio.c ****   return stat;
  98              		.loc 1 62 3 is_stmt 1 view .LVU21
  63:../../libDaisy/Middlewares/Third_Party/FatFs/src/diskio.c **** }
  99              		.loc 1 63 1 is_stmt 0 view .LVU22
 100 0018 0020     		movs	r0, #0
 101              	.LVL6:
 102              		.loc 1 63 1 view .LVU23
 103 001a 7047     		bx	lr
 104              	.L7:
 105              		.align	2
 106              	.L6:
 107 001c 00000000 		.word	disk
 108              		.cfi_endproc
 109              	.LFE321:
 111              		.section	.text.disk_read,"ax",%progbits
 112              		.align	1
ARM GAS  /var/folders/cl/r97w26fn2f10y5b55m18gt9w0000gn/T//cctin9jr.s 			page 4


 113              		.global	disk_read
 114              		.syntax unified
 115              		.thumb
 116              		.thumb_func
 118              	disk_read:
 119              	.LVL7:
 120              	.LFB322:
  64:../../libDaisy/Middlewares/Third_Party/FatFs/src/diskio.c **** 
  65:../../libDaisy/Middlewares/Third_Party/FatFs/src/diskio.c **** /**
  66:../../libDaisy/Middlewares/Third_Party/FatFs/src/diskio.c ****   * @brief  Reads Sector(s)
  67:../../libDaisy/Middlewares/Third_Party/FatFs/src/diskio.c ****   * @param  pdrv: Physical drive number (0..)
  68:../../libDaisy/Middlewares/Third_Party/FatFs/src/diskio.c ****   * @param  *buff: Data buffer to store read data
  69:../../libDaisy/Middlewares/Third_Party/FatFs/src/diskio.c ****   * @param  sector: Sector address (LBA)
  70:../../libDaisy/Middlewares/Third_Party/FatFs/src/diskio.c ****   * @param  count: Number of sectors to read (1..128)
  71:../../libDaisy/Middlewares/Third_Party/FatFs/src/diskio.c ****   * @retval DRESULT: Operation result
  72:../../libDaisy/Middlewares/Third_Party/FatFs/src/diskio.c ****   */
  73:../../libDaisy/Middlewares/Third_Party/FatFs/src/diskio.c **** DRESULT disk_read (
  74:../../libDaisy/Middlewares/Third_Party/FatFs/src/diskio.c **** 	BYTE pdrv,		/* Physical drive nmuber to identify the drive */
  75:../../libDaisy/Middlewares/Third_Party/FatFs/src/diskio.c **** 	BYTE *buff,		/* Data buffer to store read data */
  76:../../libDaisy/Middlewares/Third_Party/FatFs/src/diskio.c **** 	DWORD sector,	        /* Sector address in LBA */
  77:../../libDaisy/Middlewares/Third_Party/FatFs/src/diskio.c **** 	UINT count		/* Number of sectors to read */
  78:../../libDaisy/Middlewares/Third_Party/FatFs/src/diskio.c **** )
  79:../../libDaisy/Middlewares/Third_Party/FatFs/src/diskio.c **** {
 121              		.loc 1 79 1 is_stmt 1 view -0
 122              		.cfi_startproc
 123              		@ args = 0, pretend = 0, frame = 0
 124              		@ frame_needed = 0, uses_anonymous_args = 0
 125              		@ link register save eliminated.
  80:../../libDaisy/Middlewares/Third_Party/FatFs/src/diskio.c ****   DRESULT res;
 126              		.loc 1 80 3 view .LVU25
  81:../../libDaisy/Middlewares/Third_Party/FatFs/src/diskio.c **** 
  82:../../libDaisy/Middlewares/Third_Party/FatFs/src/diskio.c ****   res = disk.drv[pdrv]->disk_read(disk.lun[pdrv], buff, sector, count);
 127              		.loc 1 82 3 view .LVU26
  79:../../libDaisy/Middlewares/Third_Party/FatFs/src/diskio.c ****   DRESULT res;
 128              		.loc 1 79 1 is_stmt 0 view .LVU27
 129 0000 30B4     		push	{r4, r5}
 130              		.cfi_def_cfa_offset 8
 131              		.cfi_offset 4, -8
 132              		.cfi_offset 5, -4
 133              		.loc 1 82 9 view .LVU28
 134 0002 054C     		ldr	r4, .L9
 135 0004 2518     		adds	r5, r4, r0
 136              		.loc 1 82 17 view .LVU29
 137 0006 04EB8004 		add	r4, r4, r0, lsl #2
 138              		.loc 1 82 23 view .LVU30
 139 000a 6068     		ldr	r0, [r4, #4]
 140              	.LVL8:
 141              		.loc 1 82 9 view .LVU31
 142 000c 8468     		ldr	r4, [r0, #8]
 143 000e 287B     		ldrb	r0, [r5, #12]	@ zero_extendqisi2
 144 0010 A446     		mov	ip, r4
  83:../../libDaisy/Middlewares/Third_Party/FatFs/src/diskio.c ****   return res;
  84:../../libDaisy/Middlewares/Third_Party/FatFs/src/diskio.c **** }
 145              		.loc 1 84 1 view .LVU32
 146 0012 30BC     		pop	{r4, r5}
 147              		.cfi_restore 5
 148              		.cfi_restore 4
ARM GAS  /var/folders/cl/r97w26fn2f10y5b55m18gt9w0000gn/T//cctin9jr.s 			page 5


 149              		.cfi_def_cfa_offset 0
  82:../../libDaisy/Middlewares/Third_Party/FatFs/src/diskio.c ****   return res;
 150              		.loc 1 82 9 view .LVU33
 151 0014 6047     		bx	ip
 152              	.LVL9:
 153              	.L10:
  82:../../libDaisy/Middlewares/Third_Party/FatFs/src/diskio.c ****   return res;
 154              		.loc 1 82 9 view .LVU34
 155 0016 00BF     		.align	2
 156              	.L9:
 157 0018 00000000 		.word	disk
 158              		.cfi_endproc
 159              	.LFE322:
 161              		.section	.text.disk_write,"ax",%progbits
 162              		.align	1
 163              		.global	disk_write
 164              		.syntax unified
 165              		.thumb
 166              		.thumb_func
 168              	disk_write:
 169              	.LVL10:
 170              	.LFB323:
  85:../../libDaisy/Middlewares/Third_Party/FatFs/src/diskio.c **** 
  86:../../libDaisy/Middlewares/Third_Party/FatFs/src/diskio.c **** /**
  87:../../libDaisy/Middlewares/Third_Party/FatFs/src/diskio.c ****   * @brief  Writes Sector(s)
  88:../../libDaisy/Middlewares/Third_Party/FatFs/src/diskio.c ****   * @param  pdrv: Physical drive number (0..)
  89:../../libDaisy/Middlewares/Third_Party/FatFs/src/diskio.c ****   * @param  *buff: Data to be written
  90:../../libDaisy/Middlewares/Third_Party/FatFs/src/diskio.c ****   * @param  sector: Sector address (LBA)
  91:../../libDaisy/Middlewares/Third_Party/FatFs/src/diskio.c ****   * @param  count: Number of sectors to write (1..128)
  92:../../libDaisy/Middlewares/Third_Party/FatFs/src/diskio.c ****   * @retval DRESULT: Operation result
  93:../../libDaisy/Middlewares/Third_Party/FatFs/src/diskio.c ****   */
  94:../../libDaisy/Middlewares/Third_Party/FatFs/src/diskio.c **** #if _USE_WRITE == 1
  95:../../libDaisy/Middlewares/Third_Party/FatFs/src/diskio.c **** DRESULT disk_write (
  96:../../libDaisy/Middlewares/Third_Party/FatFs/src/diskio.c **** 	BYTE pdrv,		/* Physical drive nmuber to identify the drive */
  97:../../libDaisy/Middlewares/Third_Party/FatFs/src/diskio.c **** 	const BYTE *buff,	/* Data to be written */
  98:../../libDaisy/Middlewares/Third_Party/FatFs/src/diskio.c **** 	DWORD sector,		/* Sector address in LBA */
  99:../../libDaisy/Middlewares/Third_Party/FatFs/src/diskio.c **** 	UINT count        	/* Number of sectors to write */
 100:../../libDaisy/Middlewares/Third_Party/FatFs/src/diskio.c **** )
 101:../../libDaisy/Middlewares/Third_Party/FatFs/src/diskio.c **** {
 171              		.loc 1 101 1 is_stmt 1 view -0
 172              		.cfi_startproc
 173              		@ args = 0, pretend = 0, frame = 0
 174              		@ frame_needed = 0, uses_anonymous_args = 0
 175              		@ link register save eliminated.
 102:../../libDaisy/Middlewares/Third_Party/FatFs/src/diskio.c ****   DRESULT res;
 176              		.loc 1 102 3 view .LVU36
 103:../../libDaisy/Middlewares/Third_Party/FatFs/src/diskio.c **** 
 104:../../libDaisy/Middlewares/Third_Party/FatFs/src/diskio.c ****   res = disk.drv[pdrv]->disk_write(disk.lun[pdrv], buff, sector, count);
 177              		.loc 1 104 3 view .LVU37
 101:../../libDaisy/Middlewares/Third_Party/FatFs/src/diskio.c ****   DRESULT res;
 178              		.loc 1 101 1 is_stmt 0 view .LVU38
 179 0000 30B4     		push	{r4, r5}
 180              		.cfi_def_cfa_offset 8
 181              		.cfi_offset 4, -8
 182              		.cfi_offset 5, -4
 183              		.loc 1 104 9 view .LVU39
 184 0002 054C     		ldr	r4, .L12
ARM GAS  /var/folders/cl/r97w26fn2f10y5b55m18gt9w0000gn/T//cctin9jr.s 			page 6


 185 0004 2518     		adds	r5, r4, r0
 186              		.loc 1 104 17 view .LVU40
 187 0006 04EB8004 		add	r4, r4, r0, lsl #2
 188              		.loc 1 104 23 view .LVU41
 189 000a 6068     		ldr	r0, [r4, #4]
 190              	.LVL11:
 191              		.loc 1 104 9 view .LVU42
 192 000c C468     		ldr	r4, [r0, #12]
 193 000e 287B     		ldrb	r0, [r5, #12]	@ zero_extendqisi2
 194 0010 A446     		mov	ip, r4
 105:../../libDaisy/Middlewares/Third_Party/FatFs/src/diskio.c ****   return res;
 106:../../libDaisy/Middlewares/Third_Party/FatFs/src/diskio.c **** }
 195              		.loc 1 106 1 view .LVU43
 196 0012 30BC     		pop	{r4, r5}
 197              		.cfi_restore 5
 198              		.cfi_restore 4
 199              		.cfi_def_cfa_offset 0
 104:../../libDaisy/Middlewares/Third_Party/FatFs/src/diskio.c ****   return res;
 200              		.loc 1 104 9 view .LVU44
 201 0014 6047     		bx	ip
 202              	.LVL12:
 203              	.L13:
 104:../../libDaisy/Middlewares/Third_Party/FatFs/src/diskio.c ****   return res;
 204              		.loc 1 104 9 view .LVU45
 205 0016 00BF     		.align	2
 206              	.L12:
 207 0018 00000000 		.word	disk
 208              		.cfi_endproc
 209              	.LFE323:
 211              		.section	.text.disk_ioctl,"ax",%progbits
 212              		.align	1
 213              		.global	disk_ioctl
 214              		.syntax unified
 215              		.thumb
 216              		.thumb_func
 218              	disk_ioctl:
 219              	.LVL13:
 220              	.LFB324:
 107:../../libDaisy/Middlewares/Third_Party/FatFs/src/diskio.c **** #endif /* _USE_WRITE == 1 */
 108:../../libDaisy/Middlewares/Third_Party/FatFs/src/diskio.c **** 
 109:../../libDaisy/Middlewares/Third_Party/FatFs/src/diskio.c **** /**
 110:../../libDaisy/Middlewares/Third_Party/FatFs/src/diskio.c ****   * @brief  I/O control operation
 111:../../libDaisy/Middlewares/Third_Party/FatFs/src/diskio.c ****   * @param  pdrv: Physical drive number (0..)
 112:../../libDaisy/Middlewares/Third_Party/FatFs/src/diskio.c ****   * @param  cmd: Control code
 113:../../libDaisy/Middlewares/Third_Party/FatFs/src/diskio.c ****   * @param  *buff: Buffer to send/receive control data
 114:../../libDaisy/Middlewares/Third_Party/FatFs/src/diskio.c ****   * @retval DRESULT: Operation result
 115:../../libDaisy/Middlewares/Third_Party/FatFs/src/diskio.c ****   */
 116:../../libDaisy/Middlewares/Third_Party/FatFs/src/diskio.c **** #if _USE_IOCTL == 1
 117:../../libDaisy/Middlewares/Third_Party/FatFs/src/diskio.c **** DRESULT disk_ioctl (
 118:../../libDaisy/Middlewares/Third_Party/FatFs/src/diskio.c **** 	BYTE pdrv,		/* Physical drive nmuber (0..) */
 119:../../libDaisy/Middlewares/Third_Party/FatFs/src/diskio.c **** 	BYTE cmd,		/* Control code */
 120:../../libDaisy/Middlewares/Third_Party/FatFs/src/diskio.c **** 	void *buff		/* Buffer to send/receive control data */
 121:../../libDaisy/Middlewares/Third_Party/FatFs/src/diskio.c **** )
 122:../../libDaisy/Middlewares/Third_Party/FatFs/src/diskio.c **** {
 221              		.loc 1 122 1 is_stmt 1 view -0
 222              		.cfi_startproc
 223              		@ args = 0, pretend = 0, frame = 0
ARM GAS  /var/folders/cl/r97w26fn2f10y5b55m18gt9w0000gn/T//cctin9jr.s 			page 7


 224              		@ frame_needed = 0, uses_anonymous_args = 0
 225              		@ link register save eliminated.
 123:../../libDaisy/Middlewares/Third_Party/FatFs/src/diskio.c ****   DRESULT res;
 226              		.loc 1 123 3 view .LVU47
 124:../../libDaisy/Middlewares/Third_Party/FatFs/src/diskio.c **** 
 125:../../libDaisy/Middlewares/Third_Party/FatFs/src/diskio.c ****   res = disk.drv[pdrv]->disk_ioctl(disk.lun[pdrv], cmd, buff);
 227              		.loc 1 125 3 view .LVU48
 228              		.loc 1 125 9 is_stmt 0 view .LVU49
 229 0000 054B     		ldr	r3, .L15
 122:../../libDaisy/Middlewares/Third_Party/FatFs/src/diskio.c ****   DRESULT res;
 230              		.loc 1 122 1 view .LVU50
 231 0002 10B4     		push	{r4}
 232              		.cfi_def_cfa_offset 4
 233              		.cfi_offset 4, -4
 234              		.loc 1 125 9 view .LVU51
 235 0004 1C18     		adds	r4, r3, r0
 236              		.loc 1 125 17 view .LVU52
 237 0006 03EB8003 		add	r3, r3, r0, lsl #2
 238              		.loc 1 125 23 view .LVU53
 239 000a 5B68     		ldr	r3, [r3, #4]
 240              		.loc 1 125 9 view .LVU54
 241 000c 207B     		ldrb	r0, [r4, #12]	@ zero_extendqisi2
 242              	.LVL14:
 243              		.loc 1 125 9 view .LVU55
 244 000e 1B69     		ldr	r3, [r3, #16]
 126:../../libDaisy/Middlewares/Third_Party/FatFs/src/diskio.c ****   return res;
 127:../../libDaisy/Middlewares/Third_Party/FatFs/src/diskio.c **** }
 245              		.loc 1 127 1 view .LVU56
 246 0010 5DF8044B 		ldr	r4, [sp], #4
 247              		.cfi_restore 4
 248              		.cfi_def_cfa_offset 0
 125:../../libDaisy/Middlewares/Third_Party/FatFs/src/diskio.c ****   return res;
 249              		.loc 1 125 9 view .LVU57
 250 0014 1847     		bx	r3
 251              	.LVL15:
 252              	.L16:
 125:../../libDaisy/Middlewares/Third_Party/FatFs/src/diskio.c ****   return res;
 253              		.loc 1 125 9 view .LVU58
 254 0016 00BF     		.align	2
 255              	.L15:
 256 0018 00000000 		.word	disk
 257              		.cfi_endproc
 258              	.LFE324:
 260              		.section	.text.get_fattime,"ax",%progbits
 261              		.align	1
 262              		.weak	get_fattime
 263              		.syntax unified
 264              		.thumb
 265              		.thumb_func
 267              	get_fattime:
 268              	.LFB325:
 128:../../libDaisy/Middlewares/Third_Party/FatFs/src/diskio.c **** #endif /* _USE_IOCTL == 1 */
 129:../../libDaisy/Middlewares/Third_Party/FatFs/src/diskio.c **** 
 130:../../libDaisy/Middlewares/Third_Party/FatFs/src/diskio.c **** /**
 131:../../libDaisy/Middlewares/Third_Party/FatFs/src/diskio.c ****   * @brief  Gets Time from RTC
 132:../../libDaisy/Middlewares/Third_Party/FatFs/src/diskio.c ****   * @param  None
 133:../../libDaisy/Middlewares/Third_Party/FatFs/src/diskio.c ****   * @retval Time in DWORD
ARM GAS  /var/folders/cl/r97w26fn2f10y5b55m18gt9w0000gn/T//cctin9jr.s 			page 8


 134:../../libDaisy/Middlewares/Third_Party/FatFs/src/diskio.c ****   */
 135:../../libDaisy/Middlewares/Third_Party/FatFs/src/diskio.c **** __weak DWORD get_fattime (void)
 136:../../libDaisy/Middlewares/Third_Party/FatFs/src/diskio.c **** {
 269              		.loc 1 136 1 is_stmt 1 view -0
 270              		.cfi_startproc
 271              		@ args = 0, pretend = 0, frame = 0
 272              		@ frame_needed = 0, uses_anonymous_args = 0
 273              		@ link register save eliminated.
 137:../../libDaisy/Middlewares/Third_Party/FatFs/src/diskio.c ****   return 0;
 274              		.loc 1 137 3 view .LVU60
 138:../../libDaisy/Middlewares/Third_Party/FatFs/src/diskio.c **** }
 275              		.loc 1 138 1 is_stmt 0 view .LVU61
 276 0000 0020     		movs	r0, #0
 277 0002 7047     		bx	lr
 278              		.cfi_endproc
 279              	.LFE325:
 281              		.text
 282              	.Letext0:
 283              		.file 2 "/Library/DaisyToolchain/0.2.0/arm/arm-none-eabi/include/machine/_default_types.h"
 284              		.file 3 "/Library/DaisyToolchain/0.2.0/arm/arm-none-eabi/include/sys/_stdint.h"
 285              		.file 4 "../../libDaisy/Middlewares/Third_Party/FatFs/src/integer.h"
 286              		.file 5 "../../libDaisy/Middlewares/Third_Party/FatFs/src/diskio.h"
 287              		.file 6 "../../libDaisy/Middlewares/Third_Party/FatFs/src/ff_gen_drv.h"
ARM GAS  /var/folders/cl/r97w26fn2f10y5b55m18gt9w0000gn/T//cctin9jr.s 			page 9


DEFINED SYMBOLS
                            *ABS*:0000000000000000 diskio.c
/var/folders/cl/r97w26fn2f10y5b55m18gt9w0000gn/T//cctin9jr.s:19     .text.disk_status:0000000000000000 $t
/var/folders/cl/r97w26fn2f10y5b55m18gt9w0000gn/T//cctin9jr.s:25     .text.disk_status:0000000000000000 disk_status
/var/folders/cl/r97w26fn2f10y5b55m18gt9w0000gn/T//cctin9jr.s:53     .text.disk_status:0000000000000010 $d
/var/folders/cl/r97w26fn2f10y5b55m18gt9w0000gn/T//cctin9jr.s:58     .text.disk_initialize:0000000000000000 $t
/var/folders/cl/r97w26fn2f10y5b55m18gt9w0000gn/T//cctin9jr.s:64     .text.disk_initialize:0000000000000000 disk_initialize
/var/folders/cl/r97w26fn2f10y5b55m18gt9w0000gn/T//cctin9jr.s:107    .text.disk_initialize:000000000000001c $d
/var/folders/cl/r97w26fn2f10y5b55m18gt9w0000gn/T//cctin9jr.s:112    .text.disk_read:0000000000000000 $t
/var/folders/cl/r97w26fn2f10y5b55m18gt9w0000gn/T//cctin9jr.s:118    .text.disk_read:0000000000000000 disk_read
/var/folders/cl/r97w26fn2f10y5b55m18gt9w0000gn/T//cctin9jr.s:157    .text.disk_read:0000000000000018 $d
/var/folders/cl/r97w26fn2f10y5b55m18gt9w0000gn/T//cctin9jr.s:162    .text.disk_write:0000000000000000 $t
/var/folders/cl/r97w26fn2f10y5b55m18gt9w0000gn/T//cctin9jr.s:168    .text.disk_write:0000000000000000 disk_write
/var/folders/cl/r97w26fn2f10y5b55m18gt9w0000gn/T//cctin9jr.s:207    .text.disk_write:0000000000000018 $d
/var/folders/cl/r97w26fn2f10y5b55m18gt9w0000gn/T//cctin9jr.s:212    .text.disk_ioctl:0000000000000000 $t
/var/folders/cl/r97w26fn2f10y5b55m18gt9w0000gn/T//cctin9jr.s:218    .text.disk_ioctl:0000000000000000 disk_ioctl
/var/folders/cl/r97w26fn2f10y5b55m18gt9w0000gn/T//cctin9jr.s:256    .text.disk_ioctl:0000000000000018 $d
/var/folders/cl/r97w26fn2f10y5b55m18gt9w0000gn/T//cctin9jr.s:261    .text.get_fattime:0000000000000000 $t
/var/folders/cl/r97w26fn2f10y5b55m18gt9w0000gn/T//cctin9jr.s:267    .text.get_fattime:0000000000000000 get_fattime

UNDEFINED SYMBOLS
disk
